#
# A fatal error has been detected by the Java Runtime Environment:
#
#  EXCEPTION_ACCESS_VIOLATION (0xc0000005) at pc=0x00007ff945848175, pid=15844, tid=5032
#
# JRE version: Java(TM) SE Runtime Environment (11.0.6+8) (build 11.0.6+8-LTS)
# Java VM: Java HotSpot(TM) 64-Bit Server VM (11.0.6+8-LTS, mixed mode, tiered, compressed oops, g1 gc, windows-amd64)
# Problematic frame:
# V  [jvm.dll+0x7a8175]
#
# Core dump will be written. Default location: C:\Users\hyzhang\Documents\GitHub\cloudsearch-video\video-search\hs_err_pid15844.mdmp
#
# If you would like to submit a bug report, please visit:
#   http://bugreport.java.com/bugreport/crash.jsp
#

---------------  S U M M A R Y ------------

Command Line: -agentlib:jdwp=transport=dt_socket,server=n,suspend=y,address=localhost:59910 -Dfile.encoding=UTF-8 info.alphanext.cloudsearch.VideoConnector -Dconfig=.\connector-config.properties

Host: Intel(R) Xeon(R) CPU, 16 cores, 63G,  Windows Server 2019 , 64 bit Build 17763 (10.0.17763.1158)
Time: Sat Apr 25 04:15:20 2020 Greenwich Standard Time elapsed time: 0 seconds (0d 0h 0m 0s)

---------------  T H R E A D  ---------------

Current thread (0x0000021dbe872000):  GCTaskThread "GC Thread#0" [stack: 0x0000003584600000,0x0000003584700000] [id=5032]

Stack: [0x0000003584600000,0x0000003584700000],  sp=0x00000035846ff830,  free space=1022k
Native frames: (J=compiled Java code, j=interpreted, Vv=VM code, C=native code)
V  [jvm.dll+0x7a8175]
V  [jvm.dll+0x733905]
V  [jvm.dll+0x635846]
C  [ucrtbase.dll+0x21ffa]
C  [KERNEL32.DLL+0x17974]
C  [ntdll.dll+0x6a271]


siginfo: EXCEPTION_ACCESS_VIOLATION (0xc0000005), reading address 0x0000000000000010


Register to memory mapping:

RIP=0x00007ff945848175 jvm.dll
RAX=0x0 is NULL
RBX=0x0000021dbe872000 points into unknown readable memory: a8 da 99 45 f9 7f 00 00
RCX=0x00000035846ff880 points into unknown readable memory: ff ff ff ff f9 7f 00 00
RDX=0x0000021dbe867a80 points into unknown readable memory: 00 00 00 00 01 00 00 00
RSP=0x00000035846ff830 points into unknown readable memory: 00 20 87 be 1d 02 00 00
RBP=0x00000035846ffb30 points into unknown readable memory: a3 75 00 00 35 00 00 00
RSI=0x0000000000100000 is an unknown value
RDI=0x00000000000075a3 is an unknown value
R8 =0x00000035846ff758 points into unknown readable memory: b3 89 fa 79 f9 7f 00 00
R9 =0x00000035846ffb30 points into unknown readable memory: a3 75 00 00 35 00 00 00
R10=0x0 is NULL
R11=0x0000000000000246 is an unknown value
R12=0x0 is NULL
R13=0x0 is NULL
R14=0x0000021dbe872000 points into unknown readable memory: a8 da 99 45 f9 7f 00 00
R15=0x0 is NULL


Registers:
RAX=0x0000000000000000, RBX=0x0000021dbe872000, RCX=0x00000035846ff880, RDX=0x0000021dbe867a80
RSP=0x00000035846ff830, RBP=0x00000035846ffb30, RSI=0x0000000000100000, RDI=0x00000000000075a3
R8 =0x00000035846ff758, R9 =0x00000035846ffb30, R10=0x0000000000000000, R11=0x0000000000000246
R12=0x0000000000000000, R13=0x0000000000000000, R14=0x0000021dbe872000, R15=0x0000000000000000
RIP=0x00007ff945848175, EFLAGS=0x0000000000010202

Top of Stack: (sp=0x00000035846ff830)
0x00000035846ff830:   0000021dbe872000 00000035846ffb30
0x00000035846ff840:   0000000000100000 00000000000075a3
0x00000035846ff850:   0000000000000000 0000000000000000
0x00000035846ff860:   0000000000000000 0000000000000000
0x00000035846ff870:   0000003584600000 00007ff9457d3905
0x00000035846ff880:   00007ff9ffffffff 0000021dbc6f8c60
0x00000035846ff890:   0000000000000000 0000000000000000
0x00000035846ff8a0:   0000000000000000 0000000000000000
0x00000035846ff8b0:   0000000000000000 0000000000000000
0x00000035846ff8c0:   0000000000000000 0000000000000000
0x00000035846ff8d0:   0000021dbc6f7630 0000000000000000
0x00000035846ff8e0:   0000000000000000 0000000000000000
0x00000035846ff8f0:   0000000000000000 0000000000000000
0x00000035846ff900:   0000000000000000 00007ff9456d5846
0x00000035846ff910:   0000021dbe872000 0000021dbe872000
0x00000035846ff920:   0000000000000000 00000000000075a3 

Instructions: (pc=0x00007ff945848175)
0x00007ff945848155:   00 00 48 8d 54 24 20 48 8b 48 30 48 8b 01 ff 50
0x00007ff945848165:   10 0f 28 74 24 20 48 8d 4c 24 50 66 48 0f 7e f0
0x00007ff945848175:   8b 50 10 e8 83 49 b8 ff 66 48 0f 7e f1 66 0f 73
0x00007ff945848185:   de 08 66 0f 7e f2 48 8b 01 ff 10 48 8d 4c 24 50 


Stack slot to memory mapping:
stack at sp + 0 slots: 0x0000021dbe872000 points into unknown readable memory: a8 da 99 45 f9 7f 00 00
stack at sp + 1 slots: 0x00000035846ffb30 points into unknown readable memory: a3 75 00 00 35 00 00 00
stack at sp + 2 slots: 0x0000000000100000 is an unknown value
stack at sp + 3 slots: 0x00000000000075a3 is an unknown value
stack at sp + 4 slots: 0x0 is NULL
stack at sp + 5 slots: 0x0 is NULL
stack at sp + 6 slots: 0x0 is NULL
stack at sp + 7 slots: 0x0 is NULL


---------------  P R O C E S S  ---------------

Threads class SMR info:
_java_thread_list=0x0000021d80848970, length=16, elements={
0x0000021dbe85b800, 0x0000021dff746000, 0x0000021dff747000, 0x0000021dff7d7800,
0x0000021dff7d8800, 0x0000021dff7da000, 0x0000021dff78f800, 0x0000021dff791000,
0x0000021dfc7d7000, 0x0000021d80831000, 0x0000021d80834800, 0x0000021d8083e000,
0x0000021d80849800, 0x0000021d8084a800, 0x0000021d80ae7000, 0x0000021d80ca6000
}

Java Threads: ( => current thread )
  0x0000021dbe85b800 JavaThread "main" [_thread_in_vm, id=4188, stack(0x0000003584500000,0x0000003584600000)]
  0x0000021dff746000 JavaThread "Reference Handler" daemon [_thread_blocked, id=14584, stack(0x0000003584c00000,0x0000003584d00000)]
  0x0000021dff747000 JavaThread "Finalizer" daemon [_thread_blocked, id=3964, stack(0x0000003584d00000,0x0000003584e00000)]
  0x0000021dff7d7800 JavaThread "Signal Dispatcher" daemon [_thread_blocked, id=13960, stack(0x0000003584e00000,0x0000003584f00000)]
  0x0000021dff7d8800 JavaThread "Attach Listener" daemon [_thread_blocked, id=15336, stack(0x0000003584f00000,0x0000003585000000)]
  0x0000021dff7da000 JavaThread "C2 CompilerThread0" daemon [_thread_blocked, id=15896, stack(0x0000003585000000,0x0000003585100000)]
  0x0000021dff78f800 JavaThread "C1 CompilerThread0" daemon [_thread_blocked, id=9768, stack(0x0000003585100000,0x0000003585200000)]
  0x0000021dff791000 JavaThread "Sweeper thread" daemon [_thread_blocked, id=10796, stack(0x0000003585200000,0x0000003585300000)]
  0x0000021dfc7d7000 JavaThread "C1 CompilerThread1" daemon [_thread_blocked, id=15620, stack(0x0000003585300000,0x0000003585400000)]
  0x0000021d80831000 JavaThread "JDWP Transport Listener: dt_socket" daemon [_thread_blocked, id=16340, stack(0x0000003585400000,0x0000003585500000)]
  0x0000021d80834800 JavaThread "JDWP Event Helper Thread" daemon [_thread_blocked, id=6324, stack(0x0000003585500000,0x0000003585600000)]
  0x0000021d8083e000 JavaThread "JDWP Command Reader" daemon [_thread_in_native, id=15940, stack(0x0000003585600000,0x0000003585700000)]
  0x0000021d80849800 JavaThread "Service Thread" daemon [_thread_blocked, id=14368, stack(0x0000003585700000,0x0000003585800000)]
  0x0000021d8084a800 JavaThread "Common-Cleaner" daemon [_thread_blocked, id=15824, stack(0x0000003585900000,0x0000003585a00000)]
  0x0000021d80ae7000 JavaThread "C1 CompilerThread2" daemon [_thread_blocked, id=7288, stack(0x0000003585a00000,0x0000003585b00000)]
  0x0000021d80ca6000 JavaThread "C2 CompilerThread1" daemon [_thread_in_native, id=16180, stack(0x0000003585b00000,0x0000003585c00000)]

Other Threads:
  0x0000021dff741800 VMThread "VM Thread" [stack: 0x0000003584b00000,0x0000003584c00000] [id=9224]
  0x0000021d8084f000 WatcherThread [stack: 0x0000003585800000,0x0000003585900000] [id=15100]
=>0x0000021dbe872000 GCTaskThread "GC Thread#0" [stack: 0x0000003584600000,0x0000003584700000] [id=5032]
  0x0000021dbe927000 ConcurrentGCThread "G1 Main Marker" [stack: 0x0000003584700000,0x0000003584800000] [id=11720]
  0x0000021dfc5f9800 ConcurrentGCThread "G1 Conc#0" [stack: 0x0000003584800000,0x0000003584900000] [id=10152]
  0x0000021dfc7c9800 ConcurrentGCThread "G1 Refine#0" [stack: 0x0000003584900000,0x0000003584a00000] [id=10676]
  0x0000021dfc7ca800 ConcurrentGCThread "G1 Young RemSet Sampling" [stack: 0x0000003584a00000,0x0000003584b00000] [id=16080]

Threads with active compile tasks:
C2 CompilerThread1 819       4       java.util.HashMap::get (23 bytes)

VM state:not at safepoint (normal execution)

VM Mutex/Monitor currently owned by a thread: None

Heap address: 0x0000000400000000, size: 16384 MB, Compressed Oops mode: Zero based, Oop shift amount: 3
Narrow klass base: 0x0000000800000000, Narrow klass shift: 0
Compressed class space size: 1073741824 Address: 0x0000000800000000

Heap:
 garbage-first heap   total 1048576K, used 16384K [0x0000000400000000, 0x0000000800000000)
  region size 4096K, 5 young (20480K), 0 survivors (0K)
 Metaspace       used 11928K, capacity 12133K, committed 12288K, reserved 1060864K
  class space    used 1094K, capacity 1167K, committed 1280K, reserved 1048576K
Heap Regions: E=young(eden), S=young(survivor), O=old, HS=humongous(starts), HC=humongous(continues), CS=collection set, F=free, A=archive, TAMS=top-at-mark-start (previous, next)
|   0|0x0000000400000000, 0x0000000400000000, 0x0000000400400000|  0%| F|  |TAMS 0x0000000400000000, 0x0000000400000000| Untracked 
|   1|0x0000000400400000, 0x0000000400400000, 0x0000000400800000|  0%| F|  |TAMS 0x0000000400400000, 0x0000000400400000| Untracked 
|   2|0x0000000400800000, 0x0000000400800000, 0x0000000400c00000|  0%| F|  |TAMS 0x0000000400800000, 0x0000000400800000| Untracked 
|   3|0x0000000400c00000, 0x0000000400c00000, 0x0000000401000000|  0%| F|  |TAMS 0x0000000400c00000, 0x0000000400c00000| Untracked 
|   4|0x0000000401000000, 0x0000000401000000, 0x0000000401400000|  0%| F|  |TAMS 0x0000000401000000, 0x0000000401000000| Untracked 
|   5|0x0000000401400000, 0x0000000401400000, 0x0000000401800000|  0%| F|  |TAMS 0x0000000401400000, 0x0000000401400000| Untracked 
|   6|0x0000000401800000, 0x0000000401800000, 0x0000000401c00000|  0%| F|  |TAMS 0x0000000401800000, 0x0000000401800000| Untracked 
|   7|0x0000000401c00000, 0x0000000401c00000, 0x0000000402000000|  0%| F|  |TAMS 0x0000000401c00000, 0x0000000401c00000| Untracked 
|   8|0x0000000402000000, 0x0000000402000000, 0x0000000402400000|  0%| F|  |TAMS 0x0000000402000000, 0x0000000402000000| Untracked 
|   9|0x0000000402400000, 0x0000000402400000, 0x0000000402800000|  0%| F|  |TAMS 0x0000000402400000, 0x0000000402400000| Untracked 
|  10|0x0000000402800000, 0x0000000402800000, 0x0000000402c00000|  0%| F|  |TAMS 0x0000000402800000, 0x0000000402800000| Untracked 
|  11|0x0000000402c00000, 0x0000000402c00000, 0x0000000403000000|  0%| F|  |TAMS 0x0000000402c00000, 0x0000000402c00000| Untracked 
|  12|0x0000000403000000, 0x0000000403000000, 0x0000000403400000|  0%| F|  |TAMS 0x0000000403000000, 0x0000000403000000| Untracked 
|  13|0x0000000403400000, 0x0000000403400000, 0x0000000403800000|  0%| F|  |TAMS 0x0000000403400000, 0x0000000403400000| Untracked 
|  14|0x0000000403800000, 0x0000000403800000, 0x0000000403c00000|  0%| F|  |TAMS 0x0000000403800000, 0x0000000403800000| Untracked 
|  15|0x0000000403c00000, 0x0000000403c00000, 0x0000000404000000|  0%| F|  |TAMS 0x0000000403c00000, 0x0000000403c00000| Untracked 
|  16|0x0000000404000000, 0x0000000404000000, 0x0000000404400000|  0%| F|  |TAMS 0x0000000404000000, 0x0000000404000000| Untracked 
|  17|0x0000000404400000, 0x0000000404400000, 0x0000000404800000|  0%| F|  |TAMS 0x0000000404400000, 0x0000000404400000| Untracked 
|  18|0x0000000404800000, 0x0000000404800000, 0x0000000404c00000|  0%| F|  |TAMS 0x0000000404800000, 0x0000000404800000| Untracked 
|  19|0x0000000404c00000, 0x0000000404c00000, 0x0000000405000000|  0%| F|  |TAMS 0x0000000404c00000, 0x0000000404c00000| Untracked 
|  20|0x0000000405000000, 0x0000000405000000, 0x0000000405400000|  0%| F|  |TAMS 0x0000000405000000, 0x0000000405000000| Untracked 
|  21|0x0000000405400000, 0x0000000405400000, 0x0000000405800000|  0%| F|  |TAMS 0x0000000405400000, 0x0000000405400000| Untracked 
|  22|0x0000000405800000, 0x0000000405800000, 0x0000000405c00000|  0%| F|  |TAMS 0x0000000405800000, 0x0000000405800000| Untracked 
|  23|0x0000000405c00000, 0x0000000405c00000, 0x0000000406000000|  0%| F|  |TAMS 0x0000000405c00000, 0x0000000405c00000| Untracked 
|  24|0x0000000406000000, 0x0000000406000000, 0x0000000406400000|  0%| F|  |TAMS 0x0000000406000000, 0x0000000406000000| Untracked 
|  25|0x0000000406400000, 0x0000000406400000, 0x0000000406800000|  0%| F|  |TAMS 0x0000000406400000, 0x0000000406400000| Untracked 
|  26|0x0000000406800000, 0x0000000406800000, 0x0000000406c00000|  0%| F|  |TAMS 0x0000000406800000, 0x0000000406800000| Untracked 
|  27|0x0000000406c00000, 0x0000000406c00000, 0x0000000407000000|  0%| F|  |TAMS 0x0000000406c00000, 0x0000000406c00000| Untracked 
|  28|0x0000000407000000, 0x0000000407000000, 0x0000000407400000|  0%| F|  |TAMS 0x0000000407000000, 0x0000000407000000| Untracked 
|  29|0x0000000407400000, 0x0000000407400000, 0x0000000407800000|  0%| F|  |TAMS 0x0000000407400000, 0x0000000407400000| Untracked 
|  30|0x0000000407800000, 0x0000000407800000, 0x0000000407c00000|  0%| F|  |TAMS 0x0000000407800000, 0x0000000407800000| Untracked 
|  31|0x0000000407c00000, 0x0000000407c00000, 0x0000000408000000|  0%| F|  |TAMS 0x0000000407c00000, 0x0000000407c00000| Untracked 
|  32|0x0000000408000000, 0x0000000408000000, 0x0000000408400000|  0%| F|  |TAMS 0x0000000408000000, 0x0000000408000000| Untracked 
|  33|0x0000000408400000, 0x0000000408400000, 0x0000000408800000|  0%| F|  |TAMS 0x0000000408400000, 0x0000000408400000| Untracked 
|  34|0x0000000408800000, 0x0000000408800000, 0x0000000408c00000|  0%| F|  |TAMS 0x0000000408800000, 0x0000000408800000| Untracked 
|  35|0x0000000408c00000, 0x0000000408c00000, 0x0000000409000000|  0%| F|  |TAMS 0x0000000408c00000, 0x0000000408c00000| Untracked 
|  36|0x0000000409000000, 0x0000000409000000, 0x0000000409400000|  0%| F|  |TAMS 0x0000000409000000, 0x0000000409000000| Untracked 
|  37|0x0000000409400000, 0x0000000409400000, 0x0000000409800000|  0%| F|  |TAMS 0x0000000409400000, 0x0000000409400000| Untracked 
|  38|0x0000000409800000, 0x0000000409800000, 0x0000000409c00000|  0%| F|  |TAMS 0x0000000409800000, 0x0000000409800000| Untracked 
|  39|0x0000000409c00000, 0x0000000409c00000, 0x000000040a000000|  0%| F|  |TAMS 0x0000000409c00000, 0x0000000409c00000| Untracked 
|  40|0x000000040a000000, 0x000000040a000000, 0x000000040a400000|  0%| F|  |TAMS 0x000000040a000000, 0x000000040a000000| Untracked 
|  41|0x000000040a400000, 0x000000040a400000, 0x000000040a800000|  0%| F|  |TAMS 0x000000040a400000, 0x000000040a400000| Untracked 
|  42|0x000000040a800000, 0x000000040a800000, 0x000000040ac00000|  0%| F|  |TAMS 0x000000040a800000, 0x000000040a800000| Untracked 
|  43|0x000000040ac00000, 0x000000040ac00000, 0x000000040b000000|  0%| F|  |TAMS 0x000000040ac00000, 0x000000040ac00000| Untracked 
|  44|0x000000040b000000, 0x000000040b000000, 0x000000040b400000|  0%| F|  |TAMS 0x000000040b000000, 0x000000040b000000| Untracked 
|  45|0x000000040b400000, 0x000000040b400000, 0x000000040b800000|  0%| F|  |TAMS 0x000000040b400000, 0x000000040b400000| Untracked 
|  46|0x000000040b800000, 0x000000040b800000, 0x000000040bc00000|  0%| F|  |TAMS 0x000000040b800000, 0x000000040b800000| Untracked 
|  47|0x000000040bc00000, 0x000000040bc00000, 0x000000040c000000|  0%| F|  |TAMS 0x000000040bc00000, 0x000000040bc00000| Untracked 
|  48|0x000000040c000000, 0x000000040c000000, 0x000000040c400000|  0%| F|  |TAMS 0x000000040c000000, 0x000000040c000000| Untracked 
|  49|0x000000040c400000, 0x000000040c400000, 0x000000040c800000|  0%| F|  |TAMS 0x000000040c400000, 0x000000040c400000| Untracked 
|  50|0x000000040c800000, 0x000000040c800000, 0x000000040cc00000|  0%| F|  |TAMS 0x000000040c800000, 0x000000040c800000| Untracked 
|  51|0x000000040cc00000, 0x000000040cc00000, 0x000000040d000000|  0%| F|  |TAMS 0x000000040cc00000, 0x000000040cc00000| Untracked 
|  52|0x000000040d000000, 0x000000040d000000, 0x000000040d400000|  0%| F|  |TAMS 0x000000040d000000, 0x000000040d000000| Untracked 
|  53|0x000000040d400000, 0x000000040d400000, 0x000000040d800000|  0%| F|  |TAMS 0x000000040d400000, 0x000000040d400000| Untracked 
|  54|0x000000040d800000, 0x000000040d800000, 0x000000040dc00000|  0%| F|  |TAMS 0x000000040d800000, 0x000000040d800000| Untracked 
|  55|0x000000040dc00000, 0x000000040dc00000, 0x000000040e000000|  0%| F|  |TAMS 0x000000040dc00000, 0x000000040dc00000| Untracked 
|  56|0x000000040e000000, 0x000000040e000000, 0x000000040e400000|  0%| F|  |TAMS 0x000000040e000000, 0x000000040e000000| Untracked 
|  57|0x000000040e400000, 0x000000040e400000, 0x000000040e800000|  0%| F|  |TAMS 0x000000040e400000, 0x000000040e400000| Untracked 
|  58|0x000000040e800000, 0x000000040e800000, 0x000000040ec00000|  0%| F|  |TAMS 0x000000040e800000, 0x000000040e800000| Untracked 
|  59|0x000000040ec00000, 0x000000040ec00000, 0x000000040f000000|  0%| F|  |TAMS 0x000000040ec00000, 0x000000040ec00000| Untracked 
|  60|0x000000040f000000, 0x000000040f000000, 0x000000040f400000|  0%| F|  |TAMS 0x000000040f000000, 0x000000040f000000| Untracked 
|  61|0x000000040f400000, 0x000000040f400000, 0x000000040f800000|  0%| F|  |TAMS 0x000000040f400000, 0x000000040f400000| Untracked 
|  62|0x000000040f800000, 0x000000040f800000, 0x000000040fc00000|  0%| F|  |TAMS 0x000000040f800000, 0x000000040f800000| Untracked 
|  63|0x000000040fc00000, 0x000000040fc00000, 0x0000000410000000|  0%| F|  |TAMS 0x000000040fc00000, 0x000000040fc00000| Untracked 
|  64|0x0000000410000000, 0x0000000410000000, 0x0000000410400000|  0%| F|  |TAMS 0x0000000410000000, 0x0000000410000000| Untracked 
|  65|0x0000000410400000, 0x0000000410400000, 0x0000000410800000|  0%| F|  |TAMS 0x0000000410400000, 0x0000000410400000| Untracked 
|  66|0x0000000410800000, 0x0000000410800000, 0x0000000410c00000|  0%| F|  |TAMS 0x0000000410800000, 0x0000000410800000| Untracked 
|  67|0x0000000410c00000, 0x0000000410c00000, 0x0000000411000000|  0%| F|  |TAMS 0x0000000410c00000, 0x0000000410c00000| Untracked 
|  68|0x0000000411000000, 0x0000000411000000, 0x0000000411400000|  0%| F|  |TAMS 0x0000000411000000, 0x0000000411000000| Untracked 
|  69|0x0000000411400000, 0x0000000411400000, 0x0000000411800000|  0%| F|  |TAMS 0x0000000411400000, 0x0000000411400000| Untracked 
|  70|0x0000000411800000, 0x0000000411800000, 0x0000000411c00000|  0%| F|  |TAMS 0x0000000411800000, 0x0000000411800000| Untracked 
|  71|0x0000000411c00000, 0x0000000411c00000, 0x0000000412000000|  0%| F|  |TAMS 0x0000000411c00000, 0x0000000411c00000| Untracked 
|  72|0x0000000412000000, 0x0000000412000000, 0x0000000412400000|  0%| F|  |TAMS 0x0000000412000000, 0x0000000412000000| Untracked 
|  73|0x0000000412400000, 0x0000000412400000, 0x0000000412800000|  0%| F|  |TAMS 0x0000000412400000, 0x0000000412400000| Untracked 
|  74|0x0000000412800000, 0x0000000412800000, 0x0000000412c00000|  0%| F|  |TAMS 0x0000000412800000, 0x0000000412800000| Untracked 
|  75|0x0000000412c00000, 0x0000000412c00000, 0x0000000413000000|  0%| F|  |TAMS 0x0000000412c00000, 0x0000000412c00000| Untracked 
|  76|0x0000000413000000, 0x0000000413000000, 0x0000000413400000|  0%| F|  |TAMS 0x0000000413000000, 0x0000000413000000| Untracked 
|  77|0x0000000413400000, 0x0000000413400000, 0x0000000413800000|  0%| F|  |TAMS 0x0000000413400000, 0x0000000413400000| Untracked 
|  78|0x0000000413800000, 0x0000000413800000, 0x0000000413c00000|  0%| F|  |TAMS 0x0000000413800000, 0x0000000413800000| Untracked 
|  79|0x0000000413c00000, 0x0000000413c00000, 0x0000000414000000|  0%| F|  |TAMS 0x0000000413c00000, 0x0000000413c00000| Untracked 
|  80|0x0000000414000000, 0x0000000414000000, 0x0000000414400000|  0%| F|  |TAMS 0x0000000414000000, 0x0000000414000000| Untracked 
|  81|0x0000000414400000, 0x0000000414400000, 0x0000000414800000|  0%| F|  |TAMS 0x0000000414400000, 0x0000000414400000| Untracked 
|  82|0x0000000414800000, 0x0000000414800000, 0x0000000414c00000|  0%| F|  |TAMS 0x0000000414800000, 0x0000000414800000| Untracked 
|  83|0x0000000414c00000, 0x0000000414c00000, 0x0000000415000000|  0%| F|  |TAMS 0x0000000414c00000, 0x0000000414c00000| Untracked 
|  84|0x0000000415000000, 0x0000000415000000, 0x0000000415400000|  0%| F|  |TAMS 0x0000000415000000, 0x0000000415000000| Untracked 
|  85|0x0000000415400000, 0x0000000415400000, 0x0000000415800000|  0%| F|  |TAMS 0x0000000415400000, 0x0000000415400000| Untracked 
|  86|0x0000000415800000, 0x0000000415800000, 0x0000000415c00000|  0%| F|  |TAMS 0x0000000415800000, 0x0000000415800000| Untracked 
|  87|0x0000000415c00000, 0x0000000415c00000, 0x0000000416000000|  0%| F|  |TAMS 0x0000000415c00000, 0x0000000415c00000| Untracked 
|  88|0x0000000416000000, 0x0000000416000000, 0x0000000416400000|  0%| F|  |TAMS 0x0000000416000000, 0x0000000416000000| Untracked 
|  89|0x0000000416400000, 0x0000000416400000, 0x0000000416800000|  0%| F|  |TAMS 0x0000000416400000, 0x0000000416400000| Untracked 
|  90|0x0000000416800000, 0x0000000416800000, 0x0000000416c00000|  0%| F|  |TAMS 0x0000000416800000, 0x0000000416800000| Untracked 
|  91|0x0000000416c00000, 0x0000000416c00000, 0x0000000417000000|  0%| F|  |TAMS 0x0000000416c00000, 0x0000000416c00000| Untracked 
|  92|0x0000000417000000, 0x0000000417000000, 0x0000000417400000|  0%| F|  |TAMS 0x0000000417000000, 0x0000000417000000| Untracked 
|  93|0x0000000417400000, 0x0000000417400000, 0x0000000417800000|  0%| F|  |TAMS 0x0000000417400000, 0x0000000417400000| Untracked 
|  94|0x0000000417800000, 0x0000000417800000, 0x0000000417c00000|  0%| F|  |TAMS 0x0000000417800000, 0x0000000417800000| Untracked 
|  95|0x0000000417c00000, 0x0000000417c00000, 0x0000000418000000|  0%| F|  |TAMS 0x0000000417c00000, 0x0000000417c00000| Untracked 
|  96|0x0000000418000000, 0x0000000418000000, 0x0000000418400000|  0%| F|  |TAMS 0x0000000418000000, 0x0000000418000000| Untracked 
|  97|0x0000000418400000, 0x0000000418400000, 0x0000000418800000|  0%| F|  |TAMS 0x0000000418400000, 0x0000000418400000| Untracked 
|  98|0x0000000418800000, 0x0000000418800000, 0x0000000418c00000|  0%| F|  |TAMS 0x0000000418800000, 0x0000000418800000| Untracked 
|  99|0x0000000418c00000, 0x0000000418c00000, 0x0000000419000000|  0%| F|  |TAMS 0x0000000418c00000, 0x0000000418c00000| Untracked 
| 100|0x0000000419000000, 0x0000000419000000, 0x0000000419400000|  0%| F|  |TAMS 0x0000000419000000, 0x0000000419000000| Untracked 
| 101|0x0000000419400000, 0x0000000419400000, 0x0000000419800000|  0%| F|  |TAMS 0x0000000419400000, 0x0000000419400000| Untracked 
| 102|0x0000000419800000, 0x0000000419800000, 0x0000000419c00000|  0%| F|  |TAMS 0x0000000419800000, 0x0000000419800000| Untracked 
| 103|0x0000000419c00000, 0x0000000419c00000, 0x000000041a000000|  0%| F|  |TAMS 0x0000000419c00000, 0x0000000419c00000| Untracked 
| 104|0x000000041a000000, 0x000000041a000000, 0x000000041a400000|  0%| F|  |TAMS 0x000000041a000000, 0x000000041a000000| Untracked 
| 105|0x000000041a400000, 0x000000041a400000, 0x000000041a800000|  0%| F|  |TAMS 0x000000041a400000, 0x000000041a400000| Untracked 
| 106|0x000000041a800000, 0x000000041a800000, 0x000000041ac00000|  0%| F|  |TAMS 0x000000041a800000, 0x000000041a800000| Untracked 
| 107|0x000000041ac00000, 0x000000041ac00000, 0x000000041b000000|  0%| F|  |TAMS 0x000000041ac00000, 0x000000041ac00000| Untracked 
| 108|0x000000041b000000, 0x000000041b000000, 0x000000041b400000|  0%| F|  |TAMS 0x000000041b000000, 0x000000041b000000| Untracked 
| 109|0x000000041b400000, 0x000000041b400000, 0x000000041b800000|  0%| F|  |TAMS 0x000000041b400000, 0x000000041b400000| Untracked 
| 110|0x000000041b800000, 0x000000041b800000, 0x000000041bc00000|  0%| F|  |TAMS 0x000000041b800000, 0x000000041b800000| Untracked 
| 111|0x000000041bc00000, 0x000000041bc00000, 0x000000041c000000|  0%| F|  |TAMS 0x000000041bc00000, 0x000000041bc00000| Untracked 
| 112|0x000000041c000000, 0x000000041c000000, 0x000000041c400000|  0%| F|  |TAMS 0x000000041c000000, 0x000000041c000000| Untracked 
| 113|0x000000041c400000, 0x000000041c400000, 0x000000041c800000|  0%| F|  |TAMS 0x000000041c400000, 0x000000041c400000| Untracked 
| 114|0x000000041c800000, 0x000000041c800000, 0x000000041cc00000|  0%| F|  |TAMS 0x000000041c800000, 0x000000041c800000| Untracked 
| 115|0x000000041cc00000, 0x000000041cc00000, 0x000000041d000000|  0%| F|  |TAMS 0x000000041cc00000, 0x000000041cc00000| Untracked 
| 116|0x000000041d000000, 0x000000041d000000, 0x000000041d400000|  0%| F|  |TAMS 0x000000041d000000, 0x000000041d000000| Untracked 
| 117|0x000000041d400000, 0x000000041d400000, 0x000000041d800000|  0%| F|  |TAMS 0x000000041d400000, 0x000000041d400000| Untracked 
| 118|0x000000041d800000, 0x000000041d800000, 0x000000041dc00000|  0%| F|  |TAMS 0x000000041d800000, 0x000000041d800000| Untracked 
| 119|0x000000041dc00000, 0x000000041dc00000, 0x000000041e000000|  0%| F|  |TAMS 0x000000041dc00000, 0x000000041dc00000| Untracked 
| 120|0x000000041e000000, 0x000000041e000000, 0x000000041e400000|  0%| F|  |TAMS 0x000000041e000000, 0x000000041e000000| Untracked 
| 121|0x000000041e400000, 0x000000041e400000, 0x000000041e800000|  0%| F|  |TAMS 0x000000041e400000, 0x000000041e400000| Untracked 
| 122|0x000000041e800000, 0x000000041e800000, 0x000000041ec00000|  0%| F|  |TAMS 0x000000041e800000, 0x000000041e800000| Untracked 
| 123|0x000000041ec00000, 0x000000041ec00000, 0x000000041f000000|  0%| F|  |TAMS 0x000000041ec00000, 0x000000041ec00000| Untracked 
| 124|0x000000041f000000, 0x000000041f000000, 0x000000041f400000|  0%| F|  |TAMS 0x000000041f000000, 0x000000041f000000| Untracked 
| 125|0x000000041f400000, 0x000000041f400000, 0x000000041f800000|  0%| F|  |TAMS 0x000000041f400000, 0x000000041f400000| Untracked 
| 126|0x000000041f800000, 0x000000041f800000, 0x000000041fc00000|  0%| F|  |TAMS 0x000000041f800000, 0x000000041f800000| Untracked 
| 127|0x000000041fc00000, 0x000000041fc00000, 0x0000000420000000|  0%| F|  |TAMS 0x000000041fc00000, 0x000000041fc00000| Untracked 
| 128|0x0000000420000000, 0x0000000420000000, 0x0000000420400000|  0%| F|  |TAMS 0x0000000420000000, 0x0000000420000000| Untracked 
| 129|0x0000000420400000, 0x0000000420400000, 0x0000000420800000|  0%| F|  |TAMS 0x0000000420400000, 0x0000000420400000| Untracked 
| 130|0x0000000420800000, 0x0000000420800000, 0x0000000420c00000|  0%| F|  |TAMS 0x0000000420800000, 0x0000000420800000| Untracked 
| 131|0x0000000420c00000, 0x0000000420c00000, 0x0000000421000000|  0%| F|  |TAMS 0x0000000420c00000, 0x0000000420c00000| Untracked 
| 132|0x0000000421000000, 0x0000000421000000, 0x0000000421400000|  0%| F|  |TAMS 0x0000000421000000, 0x0000000421000000| Untracked 
| 133|0x0000000421400000, 0x0000000421400000, 0x0000000421800000|  0%| F|  |TAMS 0x0000000421400000, 0x0000000421400000| Untracked 
| 134|0x0000000421800000, 0x0000000421800000, 0x0000000421c00000|  0%| F|  |TAMS 0x0000000421800000, 0x0000000421800000| Untracked 
| 135|0x0000000421c00000, 0x0000000421c00000, 0x0000000422000000|  0%| F|  |TAMS 0x0000000421c00000, 0x0000000421c00000| Untracked 
| 136|0x0000000422000000, 0x0000000422000000, 0x0000000422400000|  0%| F|  |TAMS 0x0000000422000000, 0x0000000422000000| Untracked 
| 137|0x0000000422400000, 0x0000000422400000, 0x0000000422800000|  0%| F|  |TAMS 0x0000000422400000, 0x0000000422400000| Untracked 
| 138|0x0000000422800000, 0x0000000422800000, 0x0000000422c00000|  0%| F|  |TAMS 0x0000000422800000, 0x0000000422800000| Untracked 
| 139|0x0000000422c00000, 0x0000000422c00000, 0x0000000423000000|  0%| F|  |TAMS 0x0000000422c00000, 0x0000000422c00000| Untracked 
| 140|0x0000000423000000, 0x0000000423000000, 0x0000000423400000|  0%| F|  |TAMS 0x0000000423000000, 0x0000000423000000| Untracked 
| 141|0x0000000423400000, 0x0000000423400000, 0x0000000423800000|  0%| F|  |TAMS 0x0000000423400000, 0x0000000423400000| Untracked 
| 142|0x0000000423800000, 0x0000000423800000, 0x0000000423c00000|  0%| F|  |TAMS 0x0000000423800000, 0x0000000423800000| Untracked 
| 143|0x0000000423c00000, 0x0000000423c00000, 0x0000000424000000|  0%| F|  |TAMS 0x0000000423c00000, 0x0000000423c00000| Untracked 
| 144|0x0000000424000000, 0x0000000424000000, 0x0000000424400000|  0%| F|  |TAMS 0x0000000424000000, 0x0000000424000000| Untracked 
| 145|0x0000000424400000, 0x0000000424400000, 0x0000000424800000|  0%| F|  |TAMS 0x0000000424400000, 0x0000000424400000| Untracked 
| 146|0x0000000424800000, 0x0000000424800000, 0x0000000424c00000|  0%| F|  |TAMS 0x0000000424800000, 0x0000000424800000| Untracked 
| 147|0x0000000424c00000, 0x0000000424c00000, 0x0000000425000000|  0%| F|  |TAMS 0x0000000424c00000, 0x0000000424c00000| Untracked 
| 148|0x0000000425000000, 0x0000000425000000, 0x0000000425400000|  0%| F|  |TAMS 0x0000000425000000, 0x0000000425000000| Untracked 
| 149|0x0000000425400000, 0x0000000425400000, 0x0000000425800000|  0%| F|  |TAMS 0x0000000425400000, 0x0000000425400000| Untracked 
| 150|0x0000000425800000, 0x0000000425800000, 0x0000000425c00000|  0%| F|  |TAMS 0x0000000425800000, 0x0000000425800000| Untracked 
| 151|0x0000000425c00000, 0x0000000425c00000, 0x0000000426000000|  0%| F|  |TAMS 0x0000000425c00000, 0x0000000425c00000| Untracked 
| 152|0x0000000426000000, 0x0000000426000000, 0x0000000426400000|  0%| F|  |TAMS 0x0000000426000000, 0x0000000426000000| Untracked 
| 153|0x0000000426400000, 0x0000000426400000, 0x0000000426800000|  0%| F|  |TAMS 0x0000000426400000, 0x0000000426400000| Untracked 
| 154|0x0000000426800000, 0x0000000426800000, 0x0000000426c00000|  0%| F|  |TAMS 0x0000000426800000, 0x0000000426800000| Untracked 
| 155|0x0000000426c00000, 0x0000000426c00000, 0x0000000427000000|  0%| F|  |TAMS 0x0000000426c00000, 0x0000000426c00000| Untracked 
| 156|0x0000000427000000, 0x0000000427000000, 0x0000000427400000|  0%| F|  |TAMS 0x0000000427000000, 0x0000000427000000| Untracked 
| 157|0x0000000427400000, 0x0000000427400000, 0x0000000427800000|  0%| F|  |TAMS 0x0000000427400000, 0x0000000427400000| Untracked 
| 158|0x0000000427800000, 0x0000000427800000, 0x0000000427c00000|  0%| F|  |TAMS 0x0000000427800000, 0x0000000427800000| Untracked 
| 159|0x0000000427c00000, 0x0000000427c00000, 0x0000000428000000|  0%| F|  |TAMS 0x0000000427c00000, 0x0000000427c00000| Untracked 
| 160|0x0000000428000000, 0x0000000428000000, 0x0000000428400000|  0%| F|  |TAMS 0x0000000428000000, 0x0000000428000000| Untracked 
| 161|0x0000000428400000, 0x0000000428400000, 0x0000000428800000|  0%| F|  |TAMS 0x0000000428400000, 0x0000000428400000| Untracked 
| 162|0x0000000428800000, 0x0000000428800000, 0x0000000428c00000|  0%| F|  |TAMS 0x0000000428800000, 0x0000000428800000| Untracked 
| 163|0x0000000428c00000, 0x0000000428c00000, 0x0000000429000000|  0%| F|  |TAMS 0x0000000428c00000, 0x0000000428c00000| Untracked 
| 164|0x0000000429000000, 0x0000000429000000, 0x0000000429400000|  0%| F|  |TAMS 0x0000000429000000, 0x0000000429000000| Untracked 
| 165|0x0000000429400000, 0x0000000429400000, 0x0000000429800000|  0%| F|  |TAMS 0x0000000429400000, 0x0000000429400000| Untracked 
| 166|0x0000000429800000, 0x0000000429800000, 0x0000000429c00000|  0%| F|  |TAMS 0x0000000429800000, 0x0000000429800000| Untracked 
| 167|0x0000000429c00000, 0x0000000429c00000, 0x000000042a000000|  0%| F|  |TAMS 0x0000000429c00000, 0x0000000429c00000| Untracked 
| 168|0x000000042a000000, 0x000000042a000000, 0x000000042a400000|  0%| F|  |TAMS 0x000000042a000000, 0x000000042a000000| Untracked 
| 169|0x000000042a400000, 0x000000042a400000, 0x000000042a800000|  0%| F|  |TAMS 0x000000042a400000, 0x000000042a400000| Untracked 
| 170|0x000000042a800000, 0x000000042a800000, 0x000000042ac00000|  0%| F|  |TAMS 0x000000042a800000, 0x000000042a800000| Untracked 
| 171|0x000000042ac00000, 0x000000042ac00000, 0x000000042b000000|  0%| F|  |TAMS 0x000000042ac00000, 0x000000042ac00000| Untracked 
| 172|0x000000042b000000, 0x000000042b000000, 0x000000042b400000|  0%| F|  |TAMS 0x000000042b000000, 0x000000042b000000| Untracked 
| 173|0x000000042b400000, 0x000000042b400000, 0x000000042b800000|  0%| F|  |TAMS 0x000000042b400000, 0x000000042b400000| Untracked 
| 174|0x000000042b800000, 0x000000042b800000, 0x000000042bc00000|  0%| F|  |TAMS 0x000000042b800000, 0x000000042b800000| Untracked 
| 175|0x000000042bc00000, 0x000000042bc00000, 0x000000042c000000|  0%| F|  |TAMS 0x000000042bc00000, 0x000000042bc00000| Untracked 
| 176|0x000000042c000000, 0x000000042c000000, 0x000000042c400000|  0%| F|  |TAMS 0x000000042c000000, 0x000000042c000000| Untracked 
| 177|0x000000042c400000, 0x000000042c400000, 0x000000042c800000|  0%| F|  |TAMS 0x000000042c400000, 0x000000042c400000| Untracked 
| 178|0x000000042c800000, 0x000000042c800000, 0x000000042cc00000|  0%| F|  |TAMS 0x000000042c800000, 0x000000042c800000| Untracked 
| 179|0x000000042cc00000, 0x000000042cc00000, 0x000000042d000000|  0%| F|  |TAMS 0x000000042cc00000, 0x000000042cc00000| Untracked 
| 180|0x000000042d000000, 0x000000042d000000, 0x000000042d400000|  0%| F|  |TAMS 0x000000042d000000, 0x000000042d000000| Untracked 
| 181|0x000000042d400000, 0x000000042d400000, 0x000000042d800000|  0%| F|  |TAMS 0x000000042d400000, 0x000000042d400000| Untracked 
| 182|0x000000042d800000, 0x000000042d800000, 0x000000042dc00000|  0%| F|  |TAMS 0x000000042d800000, 0x000000042d800000| Untracked 
| 183|0x000000042dc00000, 0x000000042dc00000, 0x000000042e000000|  0%| F|  |TAMS 0x000000042dc00000, 0x000000042dc00000| Untracked 
| 184|0x000000042e000000, 0x000000042e000000, 0x000000042e400000|  0%| F|  |TAMS 0x000000042e000000, 0x000000042e000000| Untracked 
| 185|0x000000042e400000, 0x000000042e400000, 0x000000042e800000|  0%| F|  |TAMS 0x000000042e400000, 0x000000042e400000| Untracked 
| 186|0x000000042e800000, 0x000000042e800000, 0x000000042ec00000|  0%| F|  |TAMS 0x000000042e800000, 0x000000042e800000| Untracked 
| 187|0x000000042ec00000, 0x000000042ec00000, 0x000000042f000000|  0%| F|  |TAMS 0x000000042ec00000, 0x000000042ec00000| Untracked 
| 188|0x000000042f000000, 0x000000042f000000, 0x000000042f400000|  0%| F|  |TAMS 0x000000042f000000, 0x000000042f000000| Untracked 
| 189|0x000000042f400000, 0x000000042f400000, 0x000000042f800000|  0%| F|  |TAMS 0x000000042f400000, 0x000000042f400000| Untracked 
| 190|0x000000042f800000, 0x000000042f800000, 0x000000042fc00000|  0%| F|  |TAMS 0x000000042f800000, 0x000000042f800000| Untracked 
| 191|0x000000042fc00000, 0x000000042fc00000, 0x0000000430000000|  0%| F|  |TAMS 0x000000042fc00000, 0x000000042fc00000| Untracked 
| 192|0x0000000430000000, 0x0000000430000000, 0x0000000430400000|  0%| F|  |TAMS 0x0000000430000000, 0x0000000430000000| Untracked 
| 193|0x0000000430400000, 0x0000000430400000, 0x0000000430800000|  0%| F|  |TAMS 0x0000000430400000, 0x0000000430400000| Untracked 
| 194|0x0000000430800000, 0x0000000430800000, 0x0000000430c00000|  0%| F|  |TAMS 0x0000000430800000, 0x0000000430800000| Untracked 
| 195|0x0000000430c00000, 0x0000000430c00000, 0x0000000431000000|  0%| F|  |TAMS 0x0000000430c00000, 0x0000000430c00000| Untracked 
| 196|0x0000000431000000, 0x0000000431000000, 0x0000000431400000|  0%| F|  |TAMS 0x0000000431000000, 0x0000000431000000| Untracked 
| 197|0x0000000431400000, 0x0000000431400000, 0x0000000431800000|  0%| F|  |TAMS 0x0000000431400000, 0x0000000431400000| Untracked 
| 198|0x0000000431800000, 0x0000000431800000, 0x0000000431c00000|  0%| F|  |TAMS 0x0000000431800000, 0x0000000431800000| Untracked 
| 199|0x0000000431c00000, 0x0000000431c00000, 0x0000000432000000|  0%| F|  |TAMS 0x0000000431c00000, 0x0000000431c00000| Untracked 
| 200|0x0000000432000000, 0x0000000432000000, 0x0000000432400000|  0%| F|  |TAMS 0x0000000432000000, 0x0000000432000000| Untracked 
| 201|0x0000000432400000, 0x0000000432400000, 0x0000000432800000|  0%| F|  |TAMS 0x0000000432400000, 0x0000000432400000| Untracked 
| 202|0x0000000432800000, 0x0000000432800000, 0x0000000432c00000|  0%| F|  |TAMS 0x0000000432800000, 0x0000000432800000| Untracked 
| 203|0x0000000432c00000, 0x0000000432c00000, 0x0000000433000000|  0%| F|  |TAMS 0x0000000432c00000, 0x0000000432c00000| Untracked 
| 204|0x0000000433000000, 0x0000000433000000, 0x0000000433400000|  0%| F|  |TAMS 0x0000000433000000, 0x0000000433000000| Untracked 
| 205|0x0000000433400000, 0x0000000433400000, 0x0000000433800000|  0%| F|  |TAMS 0x0000000433400000, 0x0000000433400000| Untracked 
| 206|0x0000000433800000, 0x0000000433800000, 0x0000000433c00000|  0%| F|  |TAMS 0x0000000433800000, 0x0000000433800000| Untracked 
| 207|0x0000000433c00000, 0x0000000433c00000, 0x0000000434000000|  0%| F|  |TAMS 0x0000000433c00000, 0x0000000433c00000| Untracked 
| 208|0x0000000434000000, 0x0000000434000000, 0x0000000434400000|  0%| F|  |TAMS 0x0000000434000000, 0x0000000434000000| Untracked 
| 209|0x0000000434400000, 0x0000000434400000, 0x0000000434800000|  0%| F|  |TAMS 0x0000000434400000, 0x0000000434400000| Untracked 
| 210|0x0000000434800000, 0x0000000434800000, 0x0000000434c00000|  0%| F|  |TAMS 0x0000000434800000, 0x0000000434800000| Untracked 
| 211|0x0000000434c00000, 0x0000000434c00000, 0x0000000435000000|  0%| F|  |TAMS 0x0000000434c00000, 0x0000000434c00000| Untracked 
| 212|0x0000000435000000, 0x0000000435000000, 0x0000000435400000|  0%| F|  |TAMS 0x0000000435000000, 0x0000000435000000| Untracked 
| 213|0x0000000435400000, 0x0000000435400000, 0x0000000435800000|  0%| F|  |TAMS 0x0000000435400000, 0x0000000435400000| Untracked 
| 214|0x0000000435800000, 0x0000000435800000, 0x0000000435c00000|  0%| F|  |TAMS 0x0000000435800000, 0x0000000435800000| Untracked 
| 215|0x0000000435c00000, 0x0000000435c00000, 0x0000000436000000|  0%| F|  |TAMS 0x0000000435c00000, 0x0000000435c00000| Untracked 
| 216|0x0000000436000000, 0x0000000436000000, 0x0000000436400000|  0%| F|  |TAMS 0x0000000436000000, 0x0000000436000000| Untracked 
| 217|0x0000000436400000, 0x0000000436400000, 0x0000000436800000|  0%| F|  |TAMS 0x0000000436400000, 0x0000000436400000| Untracked 
| 218|0x0000000436800000, 0x0000000436800000, 0x0000000436c00000|  0%| F|  |TAMS 0x0000000436800000, 0x0000000436800000| Untracked 
| 219|0x0000000436c00000, 0x0000000436c00000, 0x0000000437000000|  0%| F|  |TAMS 0x0000000436c00000, 0x0000000436c00000| Untracked 
| 220|0x0000000437000000, 0x0000000437000000, 0x0000000437400000|  0%| F|  |TAMS 0x0000000437000000, 0x0000000437000000| Untracked 
| 221|0x0000000437400000, 0x0000000437400000, 0x0000000437800000|  0%| F|  |TAMS 0x0000000437400000, 0x0000000437400000| Untracked 
| 222|0x0000000437800000, 0x0000000437800000, 0x0000000437c00000|  0%| F|  |TAMS 0x0000000437800000, 0x0000000437800000| Untracked 
| 223|0x0000000437c00000, 0x0000000437c00000, 0x0000000438000000|  0%| F|  |TAMS 0x0000000437c00000, 0x0000000437c00000| Untracked 
| 224|0x0000000438000000, 0x0000000438000000, 0x0000000438400000|  0%| F|  |TAMS 0x0000000438000000, 0x0000000438000000| Untracked 
| 225|0x0000000438400000, 0x0000000438400000, 0x0000000438800000|  0%| F|  |TAMS 0x0000000438400000, 0x0000000438400000| Untracked 
| 226|0x0000000438800000, 0x0000000438800000, 0x0000000438c00000|  0%| F|  |TAMS 0x0000000438800000, 0x0000000438800000| Untracked 
| 227|0x0000000438c00000, 0x0000000438c00000, 0x0000000439000000|  0%| F|  |TAMS 0x0000000438c00000, 0x0000000438c00000| Untracked 
| 228|0x0000000439000000, 0x0000000439000000, 0x0000000439400000|  0%| F|  |TAMS 0x0000000439000000, 0x0000000439000000| Untracked 
| 229|0x0000000439400000, 0x0000000439400000, 0x0000000439800000|  0%| F|  |TAMS 0x0000000439400000, 0x0000000439400000| Untracked 
| 230|0x0000000439800000, 0x0000000439800000, 0x0000000439c00000|  0%| F|  |TAMS 0x0000000439800000, 0x0000000439800000| Untracked 
| 231|0x0000000439c00000, 0x0000000439c00000, 0x000000043a000000|  0%| F|  |TAMS 0x0000000439c00000, 0x0000000439c00000| Untracked 
| 232|0x000000043a000000, 0x000000043a000000, 0x000000043a400000|  0%| F|  |TAMS 0x000000043a000000, 0x000000043a000000| Untracked 
| 233|0x000000043a400000, 0x000000043a400000, 0x000000043a800000|  0%| F|  |TAMS 0x000000043a400000, 0x000000043a400000| Untracked 
| 234|0x000000043a800000, 0x000000043a800000, 0x000000043ac00000|  0%| F|  |TAMS 0x000000043a800000, 0x000000043a800000| Untracked 
| 235|0x000000043ac00000, 0x000000043ac00000, 0x000000043b000000|  0%| F|  |TAMS 0x000000043ac00000, 0x000000043ac00000| Untracked 
| 236|0x000000043b000000, 0x000000043b000000, 0x000000043b400000|  0%| F|  |TAMS 0x000000043b000000, 0x000000043b000000| Untracked 
| 237|0x000000043b400000, 0x000000043b400000, 0x000000043b800000|  0%| F|  |TAMS 0x000000043b400000, 0x000000043b400000| Untracked 
| 238|0x000000043b800000, 0x000000043b800000, 0x000000043bc00000|  0%| F|  |TAMS 0x000000043b800000, 0x000000043b800000| Untracked 
| 239|0x000000043bc00000, 0x000000043bc00000, 0x000000043c000000|  0%| F|  |TAMS 0x000000043bc00000, 0x000000043bc00000| Untracked 
| 240|0x000000043c000000, 0x000000043c000000, 0x000000043c400000|  0%| F|  |TAMS 0x000000043c000000, 0x000000043c000000| Untracked 
| 241|0x000000043c400000, 0x000000043c400000, 0x000000043c800000|  0%| F|  |TAMS 0x000000043c400000, 0x000000043c400000| Untracked 
| 242|0x000000043c800000, 0x000000043c800000, 0x000000043cc00000|  0%| F|  |TAMS 0x000000043c800000, 0x000000043c800000| Untracked 
| 243|0x000000043cc00000, 0x000000043cc00000, 0x000000043d000000|  0%| F|  |TAMS 0x000000043cc00000, 0x000000043cc00000| Untracked 
| 244|0x000000043d000000, 0x000000043d000000, 0x000000043d400000|  0%| F|  |TAMS 0x000000043d000000, 0x000000043d000000| Untracked 
| 245|0x000000043d400000, 0x000000043d400000, 0x000000043d800000|  0%| F|  |TAMS 0x000000043d400000, 0x000000043d400000| Untracked 
| 246|0x000000043d800000, 0x000000043d800000, 0x000000043dc00000|  0%| F|  |TAMS 0x000000043d800000, 0x000000043d800000| Untracked 
| 247|0x000000043dc00000, 0x000000043dc00000, 0x000000043e000000|  0%| F|  |TAMS 0x000000043dc00000, 0x000000043dc00000| Untracked 
| 248|0x000000043e000000, 0x000000043e000000, 0x000000043e400000|  0%| F|  |TAMS 0x000000043e000000, 0x000000043e000000| Untracked 
| 249|0x000000043e400000, 0x000000043e400000, 0x000000043e800000|  0%| F|  |TAMS 0x000000043e400000, 0x000000043e400000| Untracked 
| 250|0x000000043e800000, 0x000000043e800000, 0x000000043ec00000|  0%| F|  |TAMS 0x000000043e800000, 0x000000043e800000| Untracked 
| 251|0x000000043ec00000, 0x000000043efeb8b0, 0x000000043f000000| 98%| E|  |TAMS 0x000000043ec00000, 0x000000043ec00000| Complete 
| 252|0x000000043f000000, 0x000000043f400000, 0x000000043f400000|100%| E|CS|TAMS 0x000000043f000000, 0x000000043f000000| Complete 
| 253|0x000000043f400000, 0x000000043f800000, 0x000000043f800000|100%| E|CS|TAMS 0x000000043f400000, 0x000000043f400000| Complete 
| 254|0x000000043f800000, 0x000000043fc00000, 0x000000043fc00000|100%| E|CS|TAMS 0x000000043f800000, 0x000000043f800000| Complete 
| 255|0x000000043fc00000, 0x0000000440000000, 0x0000000440000000|100%| E|CS|TAMS 0x000000043fc00000, 0x000000043fc00000| Complete 

Card table byte_map: [0x0000021dd8460000,0x0000021dda460000] _byte_map_base: 0x0000021dd6460000

Marking Bits (Prev, Next): (CMBitMap*) 0x0000021dbe91e048, (CMBitMap*) 0x0000021dbe91e080
 Prev Bits: [0x0000021ddc460000, 0x0000021dec460000)
 Next Bits: [0x0000021dec460000, 0x0000021dfc460000)

Polling page: 0x0000021dbc850000

Metaspace:

Usage:
  Non-class:     10.71 MB capacity,    10.60 MB ( 99%) used,    99.93 KB ( <1%) free+waste,    14.31 KB ( <1%) overhead. 
      Class:      1.14 MB capacity,     1.08 MB ( 95%) used,    58.12 KB (  5%) free+waste,     5.81 KB ( <1%) overhead. 
       Both:     11.85 MB capacity,    11.67 MB ( 99%) used,   158.05 KB (  1%) free+waste,    20.13 KB ( <1%) overhead. 

Virtual space:
  Non-class space:       12.00 MB reserved,      10.75 MB ( 90%) committed 
      Class space:        1.00 GB reserved,       1.25 MB ( <1%) committed 
             Both:        1.01 GB reserved,      12.00 MB (  1%) committed 

Chunk freelists:
   Non-Class:  5.25 KB
       Class:  2.13 KB
        Both:  7.38 KB

CodeHeap 'non-profiled nmethods': size=119168Kb used=256Kb max_used=256Kb free=118911Kb
 bounds [0x0000021dce780000, 0x0000021dce9f0000, 0x0000021dd5be0000]
CodeHeap 'profiled nmethods': size=119168Kb used=1733Kb max_used=1733Kb free=117434Kb
 bounds [0x0000021dc7320000, 0x0000021dc7590000, 0x0000021dce780000]
CodeHeap 'non-nmethods': size=7424Kb used=2337Kb max_used=2338Kb free=5086Kb
 bounds [0x0000021dc6be0000, 0x0000021dc6e50000, 0x0000021dc7320000]
 total_blobs=1410 nmethods=825 adapters=324
 compilation: enabled
              stopped_count=0, restarted_count=0
 full_count=0

Compilation events (10 events):
Event: 0.533 Thread 0x0000021dfc7d7000 nmethod 786 0x0000021dc74a8a10 code [0x0000021dc74a8c40, 0x0000021dc74a9540]
Event: 0.533 Thread 0x0000021dff78f800  790       3       java.util.zip.ZipFile$ZipFileInputStream::initDataOffset (109 bytes)
Event: 0.533 Thread 0x0000021dfc7d7000  791       3       java.util.zip.ZipUtils::LOCEXT (7 bytes)
Event: 0.533 Thread 0x0000021d80ae7000 nmethod 788 0x0000021dc74a9790 code [0x0000021dc74a99c0, 0x0000021dc74aa240]
Event: 0.533 Thread 0x0000021dfc7d7000 nmethod 791 0x0000021dc74aa610 code [0x0000021dc74aa7c0, 0x0000021dc74aa9b8]
Event: 0.533 Thread 0x0000021d80ae7000  793       3       java.util.zip.ZipFile$ZipFileInflaterInputStream::<init> (41 bytes)
Event: 0.533 Thread 0x0000021dfc7d7000  792   !   3       java.util.zip.ZipFile$Source::readAt (39 bytes)
Event: 0.533 Thread 0x0000021dfc7d7000 nmethod 792 0x0000021dc74aab10 code [0x0000021dc74aad20, 0x0000021dc74ab370]
Event: 0.533 Thread 0x0000021dff78f800 nmethod 790 0x0000021dc74ab710 code [0x0000021dc74ab960, 0x0000021dc74ac190]
Event: 0.533 Thread 0x0000021d80ae7000 nmethod 793 0x0000021dc74ac510 code [0x0000021dc74ac740, 0x0000021dc74acf20]

GC Heap History (0 events):
No events

Deoptimization events (3 events):
Event: 0.129 Thread 0x0000021dbe85b800 Uncommon trap: reason=unstable_if action=reinterpret pc=0x0000021dce7862c0 method=java.lang.String.hashCode()I @ 14 c2
Event: 0.132 Thread 0x0000021dbe85b800 Uncommon trap: reason=unstable_if action=reinterpret pc=0x0000021dce781afc method=java.lang.String.isLatin1()Z @ 10 c2
Event: 0.482 Thread 0x0000021dbe85b800 Uncommon trap: reason=unstable_if action=reinterpret pc=0x0000021dce7bb014 method=jdk.internal.loader.URLClassPath.getLoader(I)Ljdk/internal/loader/URLClassPath$Loader; @ 19 c2

Classes redefined (0 events):
No events

Internal exceptions (10 events):
Event: 0.267 Thread 0x0000021dbe85b800 Exception <a 'java/security/PrivilegedActionException'{0x000000043fb37650}> (0x000000043fb37650) thrown at [t:/workspace/open/src/hotspot/share/prims/jvm.cpp, line 1296]
Event: 0.267 Thread 0x0000021dbe85b800 Exception <a 'java/security/PrivilegedActionException'{0x000000043fb38558}> (0x000000043fb38558) thrown at [t:/workspace/open/src/hotspot/share/prims/jvm.cpp, line 1296]
Event: 0.267 Thread 0x0000021dbe85b800 Exception <a 'java/security/PrivilegedActionException'{0x000000043fb38ad0}> (0x000000043fb38ad0) thrown at [t:/workspace/open/src/hotspot/share/prims/jvm.cpp, line 1296]
Event: 0.268 Thread 0x0000021dbe85b800 Exception <a 'java/security/PrivilegedActionException'{0x000000043fb39b80}> (0x000000043fb39b80) thrown at [t:/workspace/open/src/hotspot/share/prims/jvm.cpp, line 1296]
Event: 0.268 Thread 0x0000021dbe85b800 Exception <a 'java/security/PrivilegedActionException'{0x000000043fb3a0f8}> (0x000000043fb3a0f8) thrown at [t:/workspace/open/src/hotspot/share/prims/jvm.cpp, line 1296]
Event: 0.268 Thread 0x0000021dbe85b800 Exception <a 'java/security/PrivilegedActionException'{0x000000043fb3b048}> (0x000000043fb3b048) thrown at [t:/workspace/open/src/hotspot/share/prims/jvm.cpp, line 1296]
Event: 0.268 Thread 0x0000021dbe85b800 Exception <a 'java/security/PrivilegedActionException'{0x000000043fb3b5c0}> (0x000000043fb3b5c0) thrown at [t:/workspace/open/src/hotspot/share/prims/jvm.cpp, line 1296]
Event: 0.268 Thread 0x0000021dbe85b800 Exception <a 'java/security/PrivilegedActionException'{0x000000043fb3c508}> (0x000000043fb3c508) thrown at [t:/workspace/open/src/hotspot/share/prims/jvm.cpp, line 1296]
Event: 0.268 Thread 0x0000021dbe85b800 Exception <a 'java/security/PrivilegedActionException'{0x000000043fb3ca80}> (0x000000043fb3ca80) thrown at [t:/workspace/open/src/hotspot/share/prims/jvm.cpp, line 1296]
Event: 0.320 Thread 0x0000021dbe85b800 Exception <a 'java/lang/ClassNotFoundException'{0x000000043f490ab0}: sun/util/logging/resources/spi/loggingProvider> (0x000000043f490ab0) thrown at [t:/workspace/open/src/hotspot/share/classfile/systemDictionary.cpp, line 231]

Events (10 events):
Event: 0.533 loading class com/fasterxml/jackson/core/sym/CharsToNameCanonicalizer$Bucket done
Event: 0.533 loading class com/fasterxml/jackson/core/sym/ByteQuadsCanonicalizer
Event: 0.533 loading class com/fasterxml/jackson/core/sym/ByteQuadsCanonicalizer done
Event: 0.534 loading class com/fasterxml/jackson/core/sym/ByteQuadsCanonicalizer$TableInfo
Event: 0.534 loading class com/fasterxml/jackson/core/sym/ByteQuadsCanonicalizer$TableInfo done
Event: 0.534 loading class com/google/api/client/util/Preconditions
Event: 0.534 loading class com/google/api/client/util/Preconditions done
Event: 0.535 loading class java/lang/ProcessEnvironment
Event: 0.535 loading class java/lang/ProcessEnvironment done
Event: 0.535 Executing VM operation: Deoptimize


Dynamic libraries:
0x00007ff703320000 - 0x00007ff703367000 	C:\Program Files\Java\jdk-11.0.6\bin\java.exe
0x00007ff97d580000 - 0x00007ff97d76d000 	C:\Windows\SYSTEM32\ntdll.dll
0x00007ff97aef0000 - 0x00007ff97afa3000 	C:\Windows\System32\KERNEL32.DLL
0x00007ff979f70000 - 0x00007ff97a205000 	C:\Windows\System32\KERNELBASE.dll
0x00007ff97b520000 - 0x00007ff97b5c3000 	C:\Windows\System32\ADVAPI32.dll
0x00007ff97a7a0000 - 0x00007ff97a83e000 	C:\Windows\System32\msvcrt.dll
0x00007ff97ae50000 - 0x00007ff97aeee000 	C:\Windows\System32\sechost.dll
0x00007ff97aca0000 - 0x00007ff97adc2000 	C:\Windows\System32\RPCRT4.dll
0x00007ff97d1f0000 - 0x00007ff97d387000 	C:\Windows\System32\USER32.dll
0x00007ff97a6e0000 - 0x00007ff97a700000 	C:\Windows\System32\win32u.dll
0x00007ff97a8c0000 - 0x00007ff97a8e9000 	C:\Windows\System32\GDI32.dll
0x00007ff97a470000 - 0x00007ff97a609000 	C:\Windows\System32\gdi32full.dll
0x00007ff97a700000 - 0x00007ff97a7a0000 	C:\Windows\System32\msvcp_win.dll
0x00007ff97a2e0000 - 0x00007ff97a3da000 	C:\Windows\System32\ucrtbase.dll
0x00007ff9674a0000 - 0x00007ff967719000 	C:\Windows\WinSxS\amd64_microsoft.windows.common-controls_6595b64144ccf1df_6.0.17763.1158_none_de722d88534a897f\COMCTL32.dll
0x00007ff97b7e0000 - 0x00007ff97bb0c000 	C:\Windows\System32\combase.dll
0x00007ff9703a0000 - 0x00007ff9703aa000 	C:\Windows\SYSTEM32\VERSION.dll
0x00007ff97a610000 - 0x00007ff97a68e000 	C:\Windows\System32\bcryptPrimitives.dll
0x00007ff97b750000 - 0x00007ff97b77e000 	C:\Windows\System32\IMM32.DLL
0x00007ff967b90000 - 0x00007ff967ba6000 	C:\Program Files\Java\jdk-11.0.6\bin\vcruntime140.dll
0x00007ff95a9c0000 - 0x00007ff95aa6a000 	C:\Program Files\Java\jdk-11.0.6\bin\msvcp140.dll
0x00007ff9450a0000 - 0x00007ff945bc9000 	C:\Program Files\Java\jdk-11.0.6\bin\server\jvm.dll
0x00007ff97b030000 - 0x00007ff97b038000 	C:\Windows\System32\PSAPI.DLL
0x00007ff96c540000 - 0x00007ff96c549000 	C:\Windows\SYSTEM32\WSOCK32.dll
0x00007ff976830000 - 0x00007ff976854000 	C:\Windows\SYSTEM32\WINMM.dll
0x00007ff97ade0000 - 0x00007ff97ae4d000 	C:\Windows\System32\WS2_32.dll
0x00007ff976800000 - 0x00007ff97682d000 	C:\Windows\SYSTEM32\winmmbase.dll
0x00007ff97a690000 - 0x00007ff97a6da000 	C:\Windows\System32\cfgmgr32.dll
0x00007ff979570000 - 0x00007ff979581000 	C:\Windows\System32\kernel.appcore.dll
0x00007ff95e1c0000 - 0x00007ff95e1d1000 	C:\Program Files\Java\jdk-11.0.6\bin\verify.dll
0x00007ff96b790000 - 0x00007ff96b97d000 	C:\Windows\SYSTEM32\DBGHELP.DLL
0x00007ff96c570000 - 0x00007ff96c59a000 	C:\Windows\SYSTEM32\dbgcore.DLL
0x00007ff95c450000 - 0x00007ff95c479000 	C:\Program Files\Java\jdk-11.0.6\bin\java.dll
0x00007ff965240000 - 0x00007ff965277000 	C:\Program Files\Java\jdk-11.0.6\bin\jdwp.dll
0x00007ff95c8f0000 - 0x00007ff95c906000 	C:\Program Files\Java\jdk-11.0.6\bin\zip.dll
0x00007ff968060000 - 0x00007ff96806a000 	C:\Program Files\Java\jdk-11.0.6\bin\jimage.dll
0x00007ff97bcf0000 - 0x00007ff97d1e4000 	C:\Windows\System32\SHELL32.dll
0x00007ff97bc40000 - 0x00007ff97bce8000 	C:\Windows\System32\shcore.dll
0x00007ff979820000 - 0x00007ff979f6d000 	C:\Windows\System32\windows.storage.dll
0x00007ff979590000 - 0x00007ff9795b4000 	C:\Windows\System32\profapi.dll
0x00007ff9795e0000 - 0x00007ff97963d000 	C:\Windows\System32\powrprof.dll
0x00007ff97b780000 - 0x00007ff97b7d2000 	C:\Windows\System32\shlwapi.dll
0x00007ff97a210000 - 0x00007ff97a227000 	C:\Windows\System32\cryptsp.dll
0x00007ff971db0000 - 0x00007ff971dba000 	C:\Program Files\Java\jdk-11.0.6\bin\dt_socket.dll
0x00007ff978d80000 - 0x00007ff978de7000 	C:\Windows\System32\mswsock.dll
0x00007ff978ae0000 - 0x00007ff978ba7000 	C:\Windows\SYSTEM32\DNSAPI.dll
0x00007ff97d540000 - 0x00007ff97d548000 	C:\Windows\System32\NSI.dll
0x00007ff978aa0000 - 0x00007ff978add000 	C:\Windows\SYSTEM32\IPHLPAPI.DLL
0x00007ff9752a0000 - 0x00007ff975319000 	C:\Windows\System32\fwpuclnt.dll
0x00007ff97a440000 - 0x00007ff97a466000 	C:\Windows\System32\bcrypt.dll
0x00007ff9757f0000 - 0x00007ff9757fa000 	C:\Windows\System32\rasadhlp.dll
0x00007ff95c430000 - 0x00007ff95c449000 	C:\Program Files\Java\jdk-11.0.6\bin\net.dll
0x00007ff974b10000 - 0x00007ff974c02000 	C:\Windows\SYSTEM32\WINHTTP.dll
0x00007ff95c0e0000 - 0x00007ff95c0f3000 	C:\Program Files\Java\jdk-11.0.6\bin\nio.dll

dbghelp: loaded successfully - version: 4.0.5 - missing functions: none
symbol engine: initialized successfully - sym options: 0x614 - pdb path: .;C:\Program Files\Java\jdk-11.0.6\bin;C:\Windows\SYSTEM32;C:\Windows\WinSxS\amd64_microsoft.windows.common-controls_6595b64144ccf1df_6.0.17763.1158_none_de722d88534a897f;C:\Program Files\Java\jdk-11.0.6\bin\server

VM Arguments:
jvm_args: -agentlib:jdwp=transport=dt_socket,server=n,suspend=y,address=localhost:59910 -Dfile.encoding=UTF-8 
java_command: info.alphanext.cloudsearch.VideoConnector -Dconfig=.\connector-config.properties
java_class_path (initial): C:\Users\hyzhang\Documents\GitHub\cloudsearch-video\video-search\target\classes;C:\Users\hyzhang\.m2\repository\com\google\enterprise\cloudsearch\google-cloudsearch-indexing-connector-sdk\v1-0.0.3\google-cloudsearch-indexing-connector-sdk-v1-0.0.3.jar;C:\Users\hyzhang\.m2\repository\com\google\enterprise\cloudsearch\google-cloudsearch-connector-sdk\v1-0.0.3\google-cloudsearch-connector-sdk-v1-0.0.3.jar;C:\Users\hyzhang\.m2\repository\com\google\apis\google-api-services-cloudsearch\v1-rev4-1.25.0\google-api-services-cloudsearch-v1-rev4-1.25.0.jar;C:\Users\hyzhang\.m2\repository\com\google\api-client\google-api-client\1.25.0\google-api-client-1.25.0.jar;C:\Users\hyzhang\.m2\repository\com\google\oauth-client\google-oauth-client\1.25.0\google-oauth-client-1.25.0.jar;C:\Users\hyzhang\.m2\repository\com\google\cloud\google-cloud-video-intelligence\1.2.1\google-cloud-video-intelligence-1.2.1.jar;C:\Users\hyzhang\.m2\repository\io\grpc\grpc-api\1.28.1\grpc-api-1.28.1.jar;C:\Users\hyzhang\.m2\repository\io\grpc\grpc-context\1.28.1\grpc-context-1.28.1.jar;C:\Users\hyzhang\.m2\repository\io\grpc\grpc-stub\1.28.1\grpc-stub-1.28.1.jar;C:\Users\hyzhang\.m2\repository\io\grpc\grpc-protobuf\1.28.1\grpc-protobuf-1.28.1.jar;C:\Users\hyzhang\.m2\repository\io\grpc\grpc-protobuf-lite\1.28.1\grpc-protobuf-lite-1.28.1.jar;C:\Users\hyzhang\.m2\repository\com\google\api\api-common\1.9.0\api-common-1.9.0.jar;C:\Users\hyzhang\.m2\repository\com\google\auto\value\auto-value-annotations\1.7\auto-value-annotations-1.7.jar;C:\Users\hyzhang\.m2\repository\com\google\protobuf\protobuf-java\3.11.4\protobuf-java-3.11.4.jar;C:\Users\hyzhang\.m2\repository\com\google\api\grpc\proto-google-common-protos\1.17.0\proto-google-common-protos-1.17.0.jar;C:\Users\hyzhang\.m2\repository\com\google\api\grpc\proto-google-cloud-video-intelligence-v1p3beta1\0.84.1\proto-google-cloud-video-intelligence-v1p3beta1-0.84.1.jar;C:\Users\hyzhang\.m2\repository\com\google\api\grpc\proto-googl
Launcher Type: SUN_STANDARD

[Global flags]
     intx CICompilerCount                          = 12                                        {product} {ergonomic}
     uint ConcGCThreads                            = 3                                         {product} {ergonomic}
     uint G1ConcRefinementThreads                  = 13                                        {product} {ergonomic}
   size_t G1HeapRegionSize                         = 4194304                                   {product} {ergonomic}
    uintx GCDrainStackTargetSize                   = 64                                        {product} {ergonomic}
   size_t InitialHeapSize                          = 1073741824                                {product} {ergonomic}
   size_t MarkStackSize                            = 4194304                                   {product} {ergonomic}
   size_t MaxHeapSize                              = 17179869184                               {product} {ergonomic}
   size_t MaxNewSize                               = 10305404928                               {product} {ergonomic}
   size_t MinHeapDeltaBytes                        = 4194304                                   {product} {ergonomic}
    uintx NonNMethodCodeHeapSize                   = 7594288                                {pd product} {ergonomic}
    uintx NonProfiledCodeHeapSize                  = 122031976                              {pd product} {ergonomic}
    uintx ProfiledCodeHeapSize                     = 122031976                              {pd product} {ergonomic}
    uintx ReservedCodeCacheSize                    = 251658240                              {pd product} {ergonomic}
     bool SegmentedCodeCache                       = true                                      {product} {ergonomic}
     bool UseCompressedClassPointers               = true                                 {lp64_product} {ergonomic}
     bool UseCompressedOops                        = true                                 {lp64_product} {ergonomic}
     bool UseG1GC                                  = true                                      {product} {ergonomic}
     bool UseLargePagesIndividualAllocation        = false                                  {pd product} {ergonomic}

Logging:
Log output configuration:
 #0: stdout all=warning uptime,level,tags
 #1: stderr all=off uptime,level,tags

Environment Variables:
JAVA_HOME=C:\Program Files\Java\jdk-11.0.6
PATH=C:\Python27\;C:\Python27\Scripts;C:\Windows\system32;C:\Windows;C:\Windows\System32\Wbem;C:\Windows\System32\WindowsPowerShell\v1.0\;C:\Windows\System32\OpenSSH\;C:\ProgramData\GooGet;C:\Program Files\Google\Compute Engine\metadata_scripts;C:\Program Files (x86)\Google\Cloud SDK\google-cloud-sdk\bin;C:\Program Files\Google\Compute Engine\sysprep;C:\Program Files\Git\cmd;C:\Program Files\nodejs\;C:\ProgramData\chocolatey\bin;C:\Program Files\apache-maven-3.6.3\bin;C:\Users\hyzhang\AppData\Local\Microsoft\WindowsApps;C:\Users\hyzhang\AppData\Local\GitHubDesktop\bin;C:\Users\hyzhang\AppData\Local\Programs\Microsoft VS Code\bin;C:\Users\hyzhang\AppData\Roaming\npm;C:\Users\hyzhang\AppData\Local\Google\Cloud SDK\google-cloud-sdk\bin
USERNAME=hyzhang
OS=Windows_NT
PROCESSOR_IDENTIFIER=Intel64 Family 6 Model 85 Stepping 7, GenuineIntel



---------------  S Y S T E M  ---------------

OS: Windows Server 2019 , 64 bit Build 17763 (10.0.17763.1158)

CPU:total 16 (initial active 16) (8 cores per cpu, 2 threads per core) family 6 model 85 stepping 7, cmov, cx8, fxsr, mmx, sse, sse2, sse3, ssse3, sse4.1, sse4.2, popcnt, avx, avx2, aes, clmul, erms, rtm, 3dnowpref, lzcnt, ht, tsc, tscinvbit, bmi1, bmi2, adx, evex, fma

Memory: 4k page, system-wide physical 65535M (43289M free)
TotalPageFile size 66559M (AvailPageFile size 41426M)
current process WorkingSet (physical memory assigned to process): 70M, peak: 70M
current process commit charge ("private bytes"): 1167M, peak: 1167M

vm_info: Java HotSpot(TM) 64-Bit Server VM (11.0.6+8-LTS) for windows-amd64 JRE (11.0.6+8-LTS), built on Dec 11 2019 09:17:57 by "mach5one" with MS VC++ 15.5 (VS2017)

END.
